---------- Game Started at Fri Oct 09 20:47:07 2020 ----------


	---------- Started a New Round ----------

		Whites Move: (179, 149)
		White Pieces Left: 24	Black Pieces Left: 24

		Blacks Move: (55, 69)
		White Pieces Left: 24	Black Pieces Left: 24

		Whites Move: (175, 159)
		White Pieces Left: 24	Black Pieces Left: 24

		Blacks Move: (53, 67)
		White Pieces Left: 24	Black Pieces Left: 24

		Whites Move: (173, 157)
		White Pieces Left: 24	Black Pieces Left: 24

		Blacks Move: (39, 53)
		White Pieces Left: 24	Black Pieces Left: 24

		Whites Move: (171, 155)
		White Pieces Left: 24	Black Pieces Left: 24

		Blacks Move: (51, 65)
		White Pieces Left: 24	Black Pieces Left: 24

		Whites Move: (169, 153)
		White Pieces Left: 24	Black Pieces Left: 24

		Blacks Move: (35, 51)
		White Pieces Left: 24	Black Pieces Left: 24

		Whites Move: (167, 137)
		White Pieces Left: 24	Black Pieces Left: 24

		Blacks Move: (49, 63)
		White Pieces Left: 24	Black Pieces Left: 24

		Whites Move: (165, 151)
		White Pieces Left: 24	Black Pieces Left: 24

		Blacks Move: (25, 175)
		White Pieces Left: 24	Black Pieces Left: 24

		Whites Move: (137, 123)
		White Pieces Left: 24	Black Pieces Left: 24

		Undoing last move. Whites turn to play.

		Undoing last move. Blacks turn to play.

		Undoing last move. Whites turn to play.

		Undoing last move. Blacks turn to play.

		Undoing last move. Whites turn to play.

		Whites Move: (165, 135)
		White Pieces Left: 24	Black Pieces Left: 24

		Blacks Move: (25, 175)
		White Pieces Left: 24	Black Pieces Left: 24

		Whites Move: (159, 143)
		White Pieces Left: 24	Black Pieces Left: 24

		Undoing last move. Whites turn to play.

		Undoing last move. Blacks turn to play.

		Undoing last move. Whites turn to play.

		Undoing last move. Blacks turn to play.

		Undoing last move. Whites turn to play.

		Whites Move: (167, 153)
		White Pieces Left: 24	Black Pieces Left: 24

		Blacks Move: (25, 175)
		White Pieces Left: 24	Black Pieces Left: 24

		Whites Move: (157, 141)
		White Pieces Left: 24	Black Pieces Left: 24


	---------- Started a New Round ----------

		Whites Move: (175, 159)
		White Pieces Left: 24	Black Pieces Left: 24

		Blacks Move: (55, 69)
		White Pieces Left: 24	Black Pieces Left: 24

		Undoing last move. Blacks turn to play.

		Undoing last move. Whites turn to play.

		Whites Move: (191, 161)
		White Pieces Left: 24	Black Pieces Left: 24

		Blacks Move: (41, 71)
		White Pieces Left: 24	Black Pieces Left: 24

		Whites Move: (161, 145)
		White Pieces Left: 24	Black Pieces Left: 24

		Blacks Move: (71, 85)
		White Pieces Left: 24	Black Pieces Left: 24

		Whites Move: (175, 159)
		White Pieces Left: 24	Black Pieces Left: 24

		Blacks Move: (85, 99)
		White Pieces Left: 24	Black Pieces Left: 24

		Whites Move: (145, 129)
		White Pieces Left: 24	Black Pieces Left: 24

		Blacks Move: (39, 69)
		White Pieces Left: 24	Black Pieces Left: 24

		Whites Move: (173, 157)
		White Pieces Left: 24	Black Pieces Left: 24

		Blacks Move: (25, 41)
		White Pieces Left: 24	Black Pieces Left: 24

		Whites Move: (157, 141)
		White Pieces Left: 24	Black Pieces Left: 24

		Blacks Move: (41, 191)
		White Pieces Left: 24	Black Pieces Left: 24

		Whites Move: (171, 155)
		White Pieces Left: 24	Black Pieces Left: 24

		Blacks Move: (27, 41)
		White Pieces Left: 24	Black Pieces Left: 24

		Whites Move: (187, 171)
		White Pieces Left: 24	Black Pieces Left: 24

		Blacks Move: (41, 131)
		White Pieces Left: 24	Black Pieces Left: 24

		Whites Move: (169, 153)
		White Pieces Left: 24	Black Pieces Left: 24

		Blacks Move: (29, 27)
		White Pieces Left: 24	Black Pieces Left: 24

		Whites Move: (155, 139)
		White Pieces Left: 24	Black Pieces Left: 24

		Blacks Move: (27, 41)
		White Pieces Left: 24	Black Pieces Left: 24

		Whites Move: (171, 155)
		White Pieces Left: 24	Black Pieces Left: 24

		Blacks Move: (41, 71)
		White Pieces Left: 24	Black Pieces Left: 24

		Whites Move: (203, 173)
		White Pieces Left: 24	Black Pieces Left: 24

		Undoing last move. Whites turn to play.

	Screen resolution changed to 1920x1080. Screen Settings were saved correctly.

	Screen resolution changed to 1600x900. Screen Settings were saved correctly.

	Screen resolution changed to 1366x768. Screen Settings were saved correctly.

	Screen resolution changed to 1920x1080. Screen Settings were saved correctly.

		Whites Move: (129, 113)
		White Pieces Left: 24	Black Pieces Left: 24

		Undoing last move. Whites turn to play.

		Whites Move: (129, 113)
		White Pieces Left: 24	Black Pieces Left: 24

		Undoing last move. Whites turn to play.

		Whites Move: (207, 221)
		White Pieces Left: 24	Black Pieces Left: 24

		Blacks Move: (69, 83)
		White Pieces Left: 24	Black Pieces Left: 24


	---------- Started a New Round ----------

		Whites Move: (171, 157)
		White Pieces Left: 24	Black Pieces Left: 24

		Blacks Move: (53, 83)
		White Pieces Left: 24	Black Pieces Left: 24

		Whites Move: (201, 81)
		White Pieces Left: 24	Black Pieces Left: 24

		Undoing last move. Whites turn to play.

		Whites Move: (173, 159)
		White Pieces Left: 24	Black Pieces Left: 24

		Blacks Move: (49, 79)
		White Pieces Left: 24	Black Pieces Left: 24

		Whites Move: (187, 173)
		White Pieces Left: 24	Black Pieces Left: 24

		Blacks Move: (45, 75)
		White Pieces Left: 24	Black Pieces Left: 24

		Whites Move: (175, 161)
		White Pieces Left: 24	Black Pieces Left: 24

		Blacks Move: (57, 87)
		White Pieces Left: 24	Black Pieces Left: 24

		Whites Move: (201, 81)
		White Pieces Left: 24	Black Pieces Left: 24

		Blacks Move: (55, 69)
		White Pieces Left: 24	Black Pieces Left: 24


---------- Game Closed Successfully ----------
